TN:
SF:src/domain/usecases/Appointments/CreateAppointment.usecase.ts
FN:38,__awaiter
FN:38,adopt
FN:38,fulfilled
FN:38,rejected
FN:38,step
FN:38,__generator
FN:38,sent
FN:38,g.<computed>
FN:38,verb
FN:38,step
FN:38,__importDefault
FN:12,CreateAppointment
FN:20,CreateAppointment.execute
FNF:13
FNH:11
FNDA:4,__awaiter
FNDA:7,adopt
FNDA:7,fulfilled
FNDA:0,rejected
FNDA:10,step
FNDA:4,__generator
FNDA:7,sent
FNDA:0,g.<computed>
FNDA:12,verb
FNDA:11,step
FNDA:4,__importDefault
FNDA:3,CreateAppointment
FNDA:4,CreateAppointment.execute
DA:1,1
DA:2,1
DA:3,1
DA:4,1
DA:5,1
DA:6,1
DA:7,2
DA:8,2
DA:9,2
DA:10,2
DA:11,2
DA:12,2
DA:13,3
DA:14,3
DA:15,3
DA:16,3
DA:17,3
DA:18,3
DA:19,2
DA:20,2
DA:21,4
DA:22,4
DA:23,4
DA:24,4
DA:25,4
DA:26,4
DA:27,4
DA:28,4
DA:29,4
DA:30,4
DA:31,3
DA:32,3
DA:33,3
DA:34,4
DA:35,4
DA:36,2
DA:37,1
DA:38,1
LF:38
LH:38
BRDA:38,0,0,2
BRDA:38,1,0,4
BRDA:38,2,0,7
BRDA:38,3,0,0
BRDA:38,4,0,4
BRDA:38,5,0,7
BRDA:38,6,0,6
BRDA:38,7,0,1
BRDA:38,8,0,10
BRDA:38,9,0,3
BRDA:38,10,0,7
BRDA:38,11,0,4
BRDA:38,12,0,7
BRDA:38,13,0,0
BRDA:38,14,0,12
BRDA:38,15,0,11
BRDA:38,16,0,11
BRDA:38,17,0,0
BRDA:38,18,0,22
BRDA:38,19,0,0
BRDA:38,20,0,0
BRDA:38,21,0,0
BRDA:38,22,0,0
BRDA:38,23,0,11
BRDA:38,24,0,11
BRDA:38,25,0,7
BRDA:38,26,0,0
BRDA:38,27,0,0
BRDA:38,28,0,4
BRDA:38,29,0,0
BRDA:38,30,0,3
BRDA:38,31,0,0
BRDA:38,32,0,0
BRDA:38,33,0,0
BRDA:38,34,0,0
BRDA:38,35,0,19
BRDA:38,36,0,11
BRDA:38,37,0,10
BRDA:38,38,0,1
BRDA:38,39,0,11
BRDA:38,40,0,4
BRDA:38,41,0,1
BRDA:38,42,0,3
BRDA:38,43,0,0
BRDA:38,44,0,4
BRDA:38,45,0,0
BRDA:7,46,0,2
BRDA:12,47,0,3
BRDA:20,48,0,4
BRDA:38,49,0,4
BRDA:38,50,0,11
BRDA:38,51,0,4
BRDA:38,52,0,4
BRDA:30,53,0,1
BRDA:30,54,0,3
BRDA:38,55,0,3
BRF:56
BRH:40
end_of_record
TN:
SF:src/domain/usecases/Appointments/ListAppointment.usecase.ts
FN:16,__awaiter
FN:16,adopt
FN:16,fulfilled
FN:16,rejected
FN:16,step
FN:16,__generator
FN:16,sent
FN:16,g.<computed>
FN:16,verb
FN:16,step
FN:7,ListAppointment
FN:11,ListAppointment.execute
FNF:12
FNH:7
FNDA:1,__awaiter
FNDA:0,adopt
FNDA:0,fulfilled
FNDA:0,rejected
FNDA:1,step
FNDA:1,__generator
FNDA:0,sent
FNDA:0,g.<computed>
FNDA:3,verb
FNDA:1,step
FNDA:1,ListAppointment
FNDA:1,ListAppointment.execute
DA:1,1
DA:2,1
DA:3,1
DA:4,1
DA:5,1
DA:6,1
DA:7,1
DA:8,1
DA:9,1
DA:10,1
DA:11,1
DA:12,1
DA:13,1
DA:14,1
DA:15,1
DA:16,1
LF:16
LH:16
BRDA:16,0,0,1
BRDA:16,1,0,1
BRDA:16,2,0,1
BRDA:16,3,0,1
BRDA:16,4,0,0
BRDA:16,5,0,1
BRDA:16,6,0,3
BRDA:16,7,0,1
BRDA:16,8,0,1
BRDA:16,9,0,0
BRDA:16,10,0,2
BRDA:16,11,0,0
BRDA:16,12,0,0
BRDA:16,13,0,0
BRDA:16,14,0,0
BRDA:16,15,0,1
BRDA:16,16,0,1
BRDA:16,17,0,0
BRDA:16,18,0,0
BRDA:16,19,0,0
BRDA:16,20,0,1
BRDA:16,21,0,0
BRDA:16,22,0,0
BRDA:16,23,0,0
BRDA:16,24,0,0
BRDA:16,25,0,0
BRDA:16,26,0,1
BRDA:16,27,0,0
BRDA:16,28,0,1
BRDA:16,29,0,0
BRDA:16,30,0,0
BRDA:4,31,0,1
BRDA:7,32,0,1
BRDA:11,33,0,1
BRDA:16,34,0,1
BRDA:16,35,0,1
BRF:36
BRH:19
end_of_record
TN:
SF:src/domain/usecases/Authentication/CreateAuthentication.usecase.ts
FN:1,(empty-report)
FNF:1
FNH:0
FNDA:0,(empty-report)
DA:1,0
DA:2,0
DA:3,0
DA:4,0
DA:5,0
DA:6,0
DA:7,0
DA:8,0
DA:9,0
DA:10,0
DA:11,0
DA:12,0
DA:13,0
DA:14,0
DA:15,0
DA:16,0
DA:17,0
DA:18,0
DA:19,0
DA:20,0
DA:21,0
DA:22,0
DA:23,0
DA:24,0
DA:25,0
DA:26,0
DA:27,0
DA:28,0
DA:29,0
DA:30,0
DA:31,0
DA:32,0
DA:33,0
DA:34,0
DA:35,0
DA:36,0
DA:37,0
DA:38,0
DA:39,0
DA:40,0
DA:41,0
DA:42,0
DA:43,0
DA:44,0
DA:45,0
DA:46,0
DA:47,0
DA:48,0
DA:49,0
DA:50,0
DA:51,0
DA:52,0
DA:53,0
DA:54,0
DA:55,0
DA:56,0
LF:56
LH:0
BRDA:1,0,0,0
BRF:1
BRH:0
end_of_record
TN:
SF:src/domain/usecases/Authentication/VerifyAuthentication.usecase.ts
FN:1,(empty-report)
FNF:1
FNH:0
FNDA:0,(empty-report)
DA:1,0
DA:2,0
DA:3,0
DA:4,0
DA:5,0
DA:6,0
DA:7,0
DA:8,0
DA:9,0
DA:10,0
DA:11,0
DA:12,0
DA:13,0
DA:14,0
DA:15,0
DA:16,0
DA:17,0
DA:18,0
DA:19,0
DA:20,0
DA:21,0
DA:22,0
DA:23,0
DA:24,0
DA:25,0
DA:26,0
LF:26
LH:0
BRDA:1,0,0,0
BRF:1
BRH:0
end_of_record
TN:
SF:src/domain/usecases/Users/CreateUser.usecase.ts
FN:1,(empty-report)
FNF:1
FNH:0
FNDA:0,(empty-report)
DA:1,0
DA:2,0
DA:3,0
DA:4,0
DA:5,0
DA:6,0
DA:7,0
DA:8,0
DA:9,0
DA:10,0
DA:11,0
DA:12,0
DA:13,0
DA:14,0
DA:15,0
DA:16,0
DA:17,0
DA:18,0
DA:19,0
DA:20,0
DA:21,0
DA:22,0
DA:23,0
DA:24,0
DA:25,0
DA:26,0
DA:27,0
DA:28,0
DA:29,0
DA:30,0
DA:31,0
DA:32,0
DA:33,0
DA:34,0
DA:35,0
DA:36,0
DA:37,0
LF:37
LH:0
BRDA:1,0,0,0
BRF:1
BRH:0
end_of_record
TN:
SF:src/domain/usecases/Users/UpdateAvatar.usecase.ts
FN:1,(empty-report)
FNF:1
FNH:0
FNDA:0,(empty-report)
DA:1,0
DA:2,0
DA:3,0
DA:4,0
DA:5,0
DA:6,0
DA:7,0
DA:8,0
DA:9,0
DA:10,0
DA:11,0
DA:12,0
DA:13,0
DA:14,0
DA:15,0
DA:16,0
DA:17,0
DA:18,0
DA:19,0
DA:20,0
DA:21,0
DA:22,0
DA:23,0
DA:24,0
DA:25,0
DA:26,0
DA:27,0
DA:28,0
DA:29,0
DA:30,0
DA:31,0
DA:32,0
DA:33,0
DA:34,0
DA:35,0
DA:36,0
DA:37,0
DA:38,0
DA:39,0
DA:40,0
DA:41,0
DA:42,0
DA:43,0
DA:44,0
DA:45,0
DA:46,0
LF:46
LH:0
BRDA:1,0,0,0
BRF:1
BRH:0
end_of_record
